<?xml version="1.0" encoding="UTF-8"?>
<!-- Generated by org.testng.reporters.JUnitXMLReporter -->
<testsuite hostname="DESKTOP-Q58O086" name="ValidLoginTest" tests="1" failures="1" timestamp="7 Mar 2016 17:16:36 GMT" time="0.032" errors="0">
  <testcase name="ValidTestData" time="0.011" classname="com.testnowjavasample.Login.ValidLoginTest">
    <failure type="org.testng.TestNGException" message="
The data provider is trying to pass 4 parameters but the method com.testnowjavasample.Login.ValidLoginTest#ValidTestData takes 2">
      <![CDATA[org.testng.TestNGException: 
The data provider is trying to pass 4 parameters but the method com.testnowjavasample.Login.ValidLoginTest#ValidTestData takes 2
... Removed 19 stack frames]]>
    </failure>
  </testcase> <!-- ValidTestData -->
</testsuite> <!-- ValidLoginTest -->
